12:36:14.801 Running build in Portland, USA (West) – pdx1
12:36:14.806 Build machine configuration: 2 cores, 8 GB
12:36:15.122 Cloning github.com/mrvictor22/TallerAutoGarage_ERP (Branch: master, Commit: 9e0c6a1)
12:36:15.132 Previous build caches not available.
12:36:15.679 Cloning completed: 556.000ms
12:36:16.182 Running "vercel build"
12:36:16.574 Vercel CLI 50.1.3
12:36:16.868 Installing dependencies...
12:36:30.339 
12:36:30.340 added 442 packages in 13s
12:36:30.340 
12:36:30.340 154 packages are looking for funding
12:36:30.341   run `npm fund` for details
12:36:30.388 Detected Next.js version: 15.5.3
12:36:30.393 Running "npm run build"
12:36:30.484 
12:36:30.484 > garage-ui@0.1.0 build
12:36:30.484 > next build --turbopack
12:36:30.484 
12:36:31.042 Attention: Next.js now collects completely anonymous telemetry regarding usage.
12:36:31.043 This information is used to shape Next.js' roadmap and prioritize features.
12:36:31.043 You can learn more, including how to opt-out if you'd not like to participate in this anonymous program, by visiting the following URL:
12:36:31.043 https://nextjs.org/telemetry
12:36:31.044 
12:36:31.092    ▲ Next.js 15.5.3 (Turbopack)
12:36:31.093 
12:36:31.125    Creating an optimized production build ...
12:36:45.273  ✓ Finished writing to disk in 39ms
12:36:45.302  ✓ Compiled successfully in 13.8s
12:36:45.305    Linting and checking validity of types ...
12:36:51.716 
12:36:51.717 Failed to compile.
12:36:51.724 
12:36:51.724 ./src/app/page.tsx
12:36:51.724 13:13  Error: Do not use an `<a>` element to navigate to `/login/`. Use `<Link />` from `next/link` instead. See: https://nextjs.org/docs/messages/no-html-link-for-pages  @next/next/no-html-link-for-pages
12:36:51.724 13:13  Error: Do not use an `<a>` element to navigate to `/login/`. Use `<Link />` from `next/link` instead. See: https://nextjs.org/docs/messages/no-html-link-for-pages  @next/next/no-html-link-for-pages
12:36:51.724 13:13  Error: Do not use an `<a>` element to navigate to `/login/`. Use `<Link />` from `next/link` instead. See: https://nextjs.org/docs/messages/no-html-link-for-pages  @next/next/no-html-link-for-pages
12:36:51.724 13:13  Error: Do not use an `<a>` element to navigate to `/login/`. Use `<Link />` from `next/link` instead. See: https://nextjs.org/docs/messages/no-html-link-for-pages  @next/next/no-html-link-for-pages
12:36:51.724 
12:36:51.725 ./src/components/accessibility/keyboard-shortcuts-help.tsx
12:36:51.725 29:37  Error: Unexpected any. Specify a different type.  @typescript-eslint/no-explicit-any
12:36:51.725 
12:36:51.725 ./src/components/configuration/configuration-content.tsx
12:36:51.725 4:20  Warning: 'useMutation' is defined but never used.  @typescript-eslint/no-unused-vars
12:36:51.725 7:10  Warning: 'WorkshopConfig' is defined but never used.  @typescript-eslint/no-unused-vars
12:36:51.725 36:3  Warning: 'Settings' is defined but never used.  @typescript-eslint/no-unused-vars
12:36:51.726 42:3  Warning: 'Trash2' is defined but never used.  @typescript-eslint/no-unused-vars
12:36:51.726 44:3  Warning: 'Shield' is defined but never used.  @typescript-eslint/no-unused-vars
12:36:51.726 45:3  Warning: 'Mail' is defined but never used.  @typescript-eslint/no-unused-vars
12:36:51.726 46:3  Warning: 'Phone' is defined but never used.  @typescript-eslint/no-unused-vars
12:36:51.726 47:3  Warning: 'MapPin' is defined but never used.  @typescript-eslint/no-unused-vars
12:36:51.726 48:3  Warning: 'Clock' is defined but never used.  @typescript-eslint/no-unused-vars
12:36:51.726 49:3  Warning: 'DollarSign' is defined but never used.  @typescript-eslint/no-unused-vars
12:36:51.726 50:3  Warning: 'Palette' is defined but never used.  @typescript-eslint/no-unused-vars
12:36:51.727 58:9  Warning: 'router' is assigned a value but never used.  @typescript-eslint/no-unused-vars
12:36:51.732 72:43  Warning: 'usersLoading' is assigned a value but never used.  @typescript-eslint/no-unused-vars
12:36:51.732 311:64  Error: Unexpected any. Specify a different type.  @typescript-eslint/no-explicit-any
12:36:51.732 319:64  Error: Unexpected any. Specify a different type.  @typescript-eslint/no-explicit-any
12:36:51.733 330:70  Error: Unexpected any. Specify a different type.  @typescript-eslint/no-explicit-any
12:36:51.733 664:36  Error: Unexpected any. Specify a different type.  @typescript-eslint/no-explicit-any
12:36:51.733 
12:36:51.733 ./src/components/layout/header.tsx
12:36:51.733 18:10  Warning: 'useKeyboardShortcuts' is defined but never used.  @typescript-eslint/no-unused-vars
12:36:51.733 
12:36:51.733 ./src/components/layout/main-layout.tsx
12:36:51.733 3:10  Warning: 'useEffect' is defined but never used.  @typescript-eslint/no-unused-vars
12:36:51.733 
12:36:51.733 ./src/components/orders/order-detail-content.tsx
12:36:51.733 20:3  Warning: 'Calendar' is defined but never used.  @typescript-eslint/no-unused-vars
12:36:51.734 27:3  Warning: 'Upload' is defined but never used.  @typescript-eslint/no-unused-vars
12:36:51.734 47:3  Warning: 'Dialog' is defined but never used.  @typescript-eslint/no-unused-vars
12:36:51.734 48:3  Warning: 'DialogContent' is defined but never used.  @typescript-eslint/no-unused-vars
12:36:51.734 49:3  Warning: 'DialogDescription' is defined but never used.  @typescript-eslint/no-unused-vars
12:36:51.734 50:3  Warning: 'DialogHeader' is defined but never used.  @typescript-eslint/no-unused-vars
12:36:51.734 51:3  Warning: 'DialogTitle' is defined but never used.  @typescript-eslint/no-unused-vars
12:36:51.734 52:3  Warning: 'DialogTrigger' is defined but never used.  @typescript-eslint/no-unused-vars
12:36:51.734 62:89  Error: Unexpected any. Specify a different type.  @typescript-eslint/no-explicit-any
12:36:51.735 74:35  Error: Unexpected any. Specify a different type.  @typescript-eslint/no-explicit-any
12:36:51.735 84:55  Error: Unexpected any. Specify a different type.  @typescript-eslint/no-explicit-any
12:36:51.735 89:22  Error: Unexpected any. Specify a different type.  @typescript-eslint/no-explicit-any
12:36:51.735 423:30  Error: Unexpected any. Specify a different type.  @typescript-eslint/no-explicit-any
12:36:51.735 442:22  Error: Unexpected any. Specify a different type.  @typescript-eslint/no-explicit-any
12:36:51.735 626:29  Error: Unexpected any. Specify a different type.  @typescript-eslint/no-explicit-any
12:36:51.735 
12:36:51.736 ./src/components/orders/orders-list-content.tsx
12:36:51.736 16:16  Warning: 'TabsContent' is defined but never used.  @typescript-eslint/no-unused-vars
12:36:51.736 34:3  Warning: 'Download' is defined but never used.  @typescript-eslint/no-unused-vars
12:36:51.736 39:3  Warning: 'Calendar' is defined but never used.  @typescript-eslint/no-unused-vars
12:36:51.736 40:3  Warning: 'User' is defined but never used.  @typescript-eslint/no-unused-vars
12:36:51.736 42:3  Warning: 'DollarSign' is defined but never used.  @typescript-eslint/no-unused-vars
12:36:51.737 45:3  Warning: 'Search' is defined but never used.  @typescript-eslint/no-unused-vars
12:36:51.737 70:33  Warning: 'isLoading' is assigned a value but never used.  @typescript-eslint/no-unused-vars
12:36:51.737 70:44  Warning: 'refetch' is assigned a value but never used.  @typescript-eslint/no-unused-vars
12:36:51.738 264:57  Error: Unexpected any. Specify a different type.  @typescript-eslint/no-explicit-any
12:36:51.743 
12:36:51.743 ./src/components/owners/owner-detail-content.tsx
12:36:51.743 4:20  Warning: 'useMutation' is defined but never used.  @typescript-eslint/no-unused-vars
12:36:51.743 7:10  Warning: 'OwnerWithRelations' is defined but never used.  @typescript-eslint/no-unused-vars
12:36:51.743 7:30  Warning: 'Order' is defined but never used.  @typescript-eslint/no-unused-vars
12:36:51.744 33:10  Warning: 'toast' is defined but never used.  @typescript-eslint/no-unused-vars
12:36:51.744 43:9  Warning: 'queryClient' is assigned a value but never used.  @typescript-eslint/no-unused-vars
12:36:51.744 53:44  Warning: 'ordersLoading' is assigned a value but never used.  @typescript-eslint/no-unused-vars
12:36:51.744 60:46  Warning: 'vehiclesLoading' is assigned a value but never used.  @typescript-eslint/no-unused-vars
12:36:51.744 
12:36:51.744 ./src/components/owners/owners-list-content.tsx
12:36:51.744 34:3  Warning: 'Download' is defined but never used.  @typescript-eslint/no-unused-vars
12:36:51.744 46:3  Warning: 'Search' is defined but never used.  @typescript-eslint/no-unused-vars
12:36:51.744 260:57  Error: Unexpected any. Specify a different type.  @typescript-eslint/no-explicit-any
12:36:51.745 
12:36:51.745 ./src/components/tables/data-table.tsx
12:36:51.745 109:15  Warning: 'newSelection' is assigned a value but never used.  @typescript-eslint/no-unused-vars
12:36:51.745 
12:36:51.745 ./src/components/timeline/timeline.tsx
12:36:51.745 7:10  Warning: 'Avatar' is defined but never used.  @typescript-eslint/no-unused-vars
12:36:51.745 7:18  Warning: 'AvatarFallback' is defined but never used.  @typescript-eslint/no-unused-vars
12:36:51.745 7:34  Warning: 'AvatarImage' is defined but never used.  @typescript-eslint/no-unused-vars
12:36:51.745 
12:36:51.746 ./src/components/uploader/file-uploader.tsx
12:36:51.746 132:14  Warning: Image elements must have an alt prop, either with meaningful text, or an empty string for decorative images.  jsx-a11y/alt-text
12:36:51.746 
12:36:51.746 ./src/components/vehicles/vehicle-detail-content.tsx
12:36:51.746 4:20  Warning: 'useMutation' is defined but never used.  @typescript-eslint/no-unused-vars
12:36:51.746 7:10  Warning: 'VehicleWithRelations' is defined but never used.  @typescript-eslint/no-unused-vars
12:36:51.746 31:3  Warning: 'Settings' is defined but never used.  @typescript-eslint/no-unused-vars
12:36:51.746 34:10  Warning: 'toast' is defined but never used.  @typescript-eslint/no-unused-vars
12:36:51.746 44:9  Warning: 'queryClient' is assigned a value but never used.  @typescript-eslint/no-unused-vars
12:36:51.746 60:44  Warning: 'ordersLoading' is assigned a value but never used.  @typescript-eslint/no-unused-vars
12:36:51.747 
12:36:51.747 ./src/components/vehicles/vehicles-list-content.tsx
12:36:51.747 31:3  Warning: 'Download' is defined but never used.  @typescript-eslint/no-unused-vars
12:36:51.747 41:3  Warning: 'Search' is defined but never used.  @typescript-eslint/no-unused-vars
12:36:51.747 249:59  Error: Unexpected any. Specify a different type.  @typescript-eslint/no-explicit-any
12:36:51.747 
12:36:51.747 ./src/components/whatsapp/whatsapp-management-content.tsx
12:36:51.747 4:20  Warning: 'useMutation' is defined but never used.  @typescript-eslint/no-unused-vars
12:36:51.748 7:45  Warning: 'OwnerWithRelations' is defined but never used.  @typescript-eslint/no-unused-vars
12:36:51.748 10:29  Warning: 'CardHeader' is defined but never used.  @typescript-eslint/no-unused-vars
12:36:51.748 10:41  Warning: 'CardTitle' is defined but never used.  @typescript-eslint/no-unused-vars
12:36:51.748 16:10  Warning: 'Separator' is defined but never used.  @typescript-eslint/no-unused-vars
12:36:51.748 18:10  Warning: 'WhatsAppSender' is defined but never used.  @typescript-eslint/no-unused-vars
12:36:51.748 26:3  Warning: 'DialogTrigger' is defined but never used.  @typescript-eslint/no-unused-vars
12:36:51.748 40:3  Warning: 'Trash2' is defined but never used.  @typescript-eslint/no-unused-vars
12:36:51.748 45:3  Warning: 'History' is defined but never used.  @typescript-eslint/no-unused-vars
12:36:51.748 64:3  Warning: 'preselectedVehicleId' is defined but never used.  @typescript-eslint/no-unused-vars
12:36:51.749 65:3  Warning: 'preselectedOrderId' is defined but never used.  @typescript-eslint/no-unused-vars
12:36:51.749 67:9  Warning: 'router' is assigned a value but never used.  @typescript-eslint/no-unused-vars
12:36:51.749 75:47  Warning: 'templatesLoading' is assigned a value but never used.  @typescript-eslint/no-unused-vars
12:36:51.749 81:46  Warning: 'messagesLoading' is assigned a value but never used.  @typescript-eslint/no-unused-vars
12:36:51.749 475:42  Error: Unexpected any. Specify a different type.  @typescript-eslint/no-explicit-any
12:36:51.750 
12:36:51.750 ./src/components/whatsapp/whatsapp-sender.tsx
12:36:51.750 8:10  Warning: 'Textarea' is defined but never used.  @typescript-eslint/no-unused-vars
12:36:51.750 11:10  Warning: 'Separator' is defined but never used.  @typescript-eslint/no-unused-vars
12:36:51.750 23:3  Warning: 'Dialog' is defined but never used.  @typescript-eslint/no-unused-vars
12:36:51.750 24:3  Warning: 'DialogContent' is defined but never used.  @typescript-eslint/no-unused-vars
12:36:51.751 25:3  Warning: 'DialogDescription' is defined but never used.  @typescript-eslint/no-unused-vars
12:36:51.751 26:3  Warning: 'DialogHeader' is defined but never used.  @typescript-eslint/no-unused-vars
12:36:51.751 27:3  Warning: 'DialogTitle' is defined but never used.  @typescript-eslint/no-unused-vars
12:36:51.751 28:3  Warning: 'DialogTrigger' is defined but never used.  @typescript-eslint/no-unused-vars
12:36:51.751 79:51  Error: Unexpected any. Specify a different type.  @typescript-eslint/no-explicit-any
12:36:51.751 142:22  Error: Unexpected any. Specify a different type.  @typescript-eslint/no-explicit-any
12:36:51.751 
12:36:51.751 ./src/hooks/use-keyboard-shortcuts.ts
12:36:51.751 20:11  Warning: 'user' is assigned a value but never used.  @typescript-eslint/no-unused-vars
12:36:51.752 23:9  Warning: The 'shortcuts' array makes the dependencies of useCallback Hook (at line 178) change on every render. To fix this, wrap the initialization of 'shortcuts' in its own useMemo() Hook.  react-hooks/exhaustive-deps
12:36:51.752 167:6  Warning: React Hook useCallback has unnecessary dependencies: 'isAdmin', 'router', 'toggleSidebar', and 'toggleTheme'. Either exclude them or remove the dependency array.  react-hooks/exhaustive-deps
12:36:51.752 
12:36:51.752 ./src/i18n.ts
12:36:51.752 9:35  Error: Unexpected any. Specify a different type.  @typescript-eslint/no-explicit-any
12:36:51.752 
12:36:51.752 ./src/lib/mock-data.ts
12:36:51.753 13:3  Warning: 'OrderStatus' is defined but never used.  @typescript-eslint/no-unused-vars
12:36:51.753 14:3  Warning: 'OwnerType' is defined but never used.  @typescript-eslint/no-unused-vars
12:36:51.758 15:3  Warning: 'MessageStatus' is defined but never used.  @typescript-eslint/no-unused-vars
12:36:51.758 16:3  Warning: 'TimelineEntryType' is defined but never used.  @typescript-eslint/no-unused-vars
12:36:51.759 17:3  Warning: 'UserRole' is defined but never used.  @typescript-eslint/no-unused-vars
12:36:51.759 
12:36:51.759 ./src/lib/utils.ts
12:36:51.759 64:46  Error: Unexpected any. Specify a different type.  @typescript-eslint/no-explicit-any
12:36:51.759 64:56  Error: Unexpected any. Specify a different type.  @typescript-eslint/no-explicit-any
12:36:51.759 
12:36:51.759 ./src/services/api.ts
12:36:51.759 5:3  Warning: 'OrderStatus' is defined but never used.  @typescript-eslint/no-unused-vars
12:36:51.760 31:3  Warning: 'mockPartsInvoices' is defined but never used.  @typescript-eslint/no-unused-vars
12:36:51.760 87:40  Error: Unexpected any. Specify a different type.  @typescript-eslint/no-explicit-any
12:36:51.760 142:40  Error: Unexpected any. Specify a different type.  @typescript-eslint/no-explicit-any
12:36:51.760 147:40  Error: Unexpected any. Specify a different type.  @typescript-eslint/no-explicit-any
12:36:51.760 168:40  Error: Unexpected any. Specify a different type.  @typescript-eslint/no-explicit-any
12:36:51.760 227:40  Error: Unexpected any. Specify a different type.  @typescript-eslint/no-explicit-any
12:36:51.769 232:40  Error: Unexpected any. Specify a different type.  @typescript-eslint/no-explicit-any
12:36:51.769 271:40  Error: Unexpected any. Specify a different type.  @typescript-eslint/no-explicit-any
12:36:51.769 316:40  Error: Unexpected any. Specify a different type.  @typescript-eslint/no-explicit-any
12:36:51.769 321:40  Error: Unexpected any. Specify a different type.  @typescript-eslint/no-explicit-any
12:36:51.769 338:40  Error: Unexpected any. Specify a different type.  @typescript-eslint/no-explicit-any
12:36:51.769 364:40  Error: Unexpected any. Specify a different type.  @typescript-eslint/no-explicit-any
12:36:51.769 419:40  Error: Unexpected any. Specify a different type.  @typescript-eslint/no-explicit-any
12:36:51.770 424:40  Error: Unexpected any. Specify a different type.  @typescript-eslint/no-explicit-any
12:36:51.770 441:40  Error: Unexpected any. Specify a different type.  @typescript-eslint/no-explicit-any
12:36:51.770 475:40  Error: Unexpected any. Specify a different type.  @typescript-eslint/no-explicit-any
12:36:51.770 499:40  Error: Unexpected any. Specify a different type.  @typescript-eslint/no-explicit-any
12:36:51.770 515:40  Error: Unexpected any. Specify a different type.  @typescript-eslint/no-explicit-any
12:36:51.770 520:40  Error: Unexpected any. Specify a different type.  @typescript-eslint/no-explicit-any
12:36:51.770 561:40  Error: Unexpected any. Specify a different type.  @typescript-eslint/no-explicit-any
12:36:51.770 572:40  Error: Unexpected any. Specify a different type.  @typescript-eslint/no-explicit-any
12:36:51.770 596:40  Error: Unexpected any. Specify a different type.  @typescript-eslint/no-explicit-any
12:36:51.770 
12:36:51.770 ./src/services/supabase-api.ts
12:36:51.770 5:3  Warning: 'Database' is defined but never used.  @typescript-eslint/no-unused-vars
12:36:51.770 25:3  Warning: 'PartsInvoice' is defined but never used.  @typescript-eslint/no-unused-vars
12:36:51.770 205:42  Error: Unexpected any. Specify a different type.  @typescript-eslint/no-explicit-any
12:36:51.770 324:42  Error: Unexpected any. Specify a different type.  @typescript-eslint/no-explicit-any
12:36:51.771 464:20  Error: Optional chain expressions can return undefined by design - using a non-null assertion is unsafe and wrong.  @typescript-eslint/no-non-null-asserted-optional-chain
12:36:51.771 527:18  Error: Optional chain expressions can return undefined by design - using a non-null assertion is unsafe and wrong.  @typescript-eslint/no-non-null-asserted-optional-chain
12:36:51.771 545:42  Error: Unexpected any. Specify a different type.  @typescript-eslint/no-explicit-any
12:36:51.771 650:42  Error: Unexpected any. Specify a different type.  @typescript-eslint/no-explicit-any
12:36:51.771 698:38  Error: Optional chain expressions can return undefined by design - using a non-null assertion is unsafe and wrong.  @typescript-eslint/no-non-null-asserted-optional-chain
12:36:51.771 751:18  Error: Optional chain expressions can return undefined by design - using a non-null assertion is unsafe and wrong.  @typescript-eslint/no-non-null-asserted-optional-chain
12:36:51.771 855:20  Error: Optional chain expressions can return undefined by design - using a non-null assertion is unsafe and wrong.  @typescript-eslint/no-non-null-asserted-optional-chain
12:36:51.771 
12:36:51.771 ./src/stores/auth.ts
12:36:51.771 93:18  Warning: 'error' is defined but never used.  @typescript-eslint/no-unused-vars
12:36:51.772 139:18  Warning: 'error' is defined but never used.  @typescript-eslint/no-unused-vars
12:36:51.772 174:18  Warning: 'error' is defined but never used.  @typescript-eslint/no-unused-vars
12:36:51.772 
12:36:51.772 ./src/stores/ui.ts
12:36:51.772 8:33  Error: Unexpected any. Specify a different type.  @typescript-eslint/no-explicit-any
12:36:51.772 12:42  Error: Unexpected any. Specify a different type.  @typescript-eslint/no-explicit-any
12:36:51.772 13:37  Error: Unexpected any. Specify a different type.  @typescript-eslint/no-explicit-any
12:36:51.772 45:46  Error: Unexpected any. Specify a different type.  @typescript-eslint/no-explicit-any
12:36:51.772 
12:36:51.772 ./src/types/index.ts
12:36:51.773 228:19  Error: Unexpected any. Specify a different type.  @typescript-eslint/no-explicit-any
12:36:51.773 357:33  Error: Unexpected any. Specify a different type.  @typescript-eslint/no-explicit-any
12:36:51.773 
12:36:51.773 info  - Need to disable some ESLint rules? Learn more here: https://nextjs.org/docs/app/api-reference/config/eslint#disabling-rules
12:36:51.781 Error: Command "npm run build" exited with 1